\BOOKMARK [1][-]{section.1}{NFR\040type\040catalogue}{}% 1
\BOOKMARK [1][-]{section.2}{Modelling\040of\040the\040non-functional\040requirements}{}% 2
\BOOKMARK [2][-]{subsection.2.1}{Self-isolation}{section.2}% 3
\BOOKMARK [2][-]{subsection.2.2}{Infected\040patients}{section.2}% 4
\BOOKMARK [2][-]{subsection.2.3}{Dangerouse\040countries}{section.2}% 5
\BOOKMARK [1][-]{section.3}{Identifying\040and\040modelling\040of\040possible\040operationalizations\040for\040NFR}{}% 6
\BOOKMARK [2][-]{subsection.3.1}{Self-isolation}{section.3}% 7
\BOOKMARK [2][-]{subsection.3.2}{Infected\040patients}{section.3}% 8
\BOOKMARK [2][-]{subsection.3.3}{Dangerouse\040countries}{section.3}% 9
\BOOKMARK [1][-]{section.4}{Detecting\040and\040Modelling\040of\040Implicit\040Interdependencies\040Among\040NFR}{}% 10
\BOOKMARK [1][-]{section.5}{Making\040decisions}{}% 11
\BOOKMARK [2][-]{subsection.5.1}{Chosen\040Operationalizations}{section.5}% 12
\BOOKMARK [2][-]{subsection.5.2}{Chosen\040Softgoals}{section.5}% 13
\BOOKMARK [2][-]{subsection.5.3}{Decision\040Explanation}{section.5}% 14
\BOOKMARK [3][-]{subsubsection.5.3.1}{Negative\040impact}{subsection.5.3}% 15
\BOOKMARK [3][-]{subsubsection.5.3.2}{Rejected\040operationalization}{subsection.5.3}% 16
\BOOKMARK [2][-]{subsection.5.4}{Conclusions}{section.5}% 17
\BOOKMARK [1][-]{section.6}{Strategic\040Dependency\040Model}{}% 18
\BOOKMARK [1][-]{section.7}{Strategic\040Rationale\040Model}{}% 19
\BOOKMARK [1][-]{section.8}{Conclusions\040about\040an\040dependency}{}% 20
\BOOKMARK [1][-]{section*.15}{Conclusions}{}% 21
